CRITICAL - 2022-03-14 04:57:49 --> fopen(): SSL operation failed with code 1. OpenSSL Error messages:
error:1416F086:SSL routines:tls_process_server_certificate:certificate verify failed
#0 [internal function]: CodeIgniter\Debug\Exceptions->errorHandler(2, 'fopen(): SSL op...', 'C:\\xampp\\htdocs...', 138)
#1 C:\xampp\htdocs\Sponser\app\Views\donation\donar_registration.php(138): fopen('https://dev.gem...', 'r')
#2 C:\xampp\htdocs\Sponser\system\View\View.php(214): include('C:\\xampp\\htdocs...')
#3 C:\xampp\htdocs\Sponser\system\View\View.php(217): CodeIgniter\View\View->CodeIgniter\View\{closure}()
#4 C:\xampp\htdocs\Sponser\system\Common.php(1097): CodeIgniter\View\View->render('donation/donar_...', Array, true)
#5 C:\xampp\htdocs\Sponser\app\Controllers\Home.php(9): view('donation/donar_...')
#6 C:\xampp\htdocs\Sponser\system\CodeIgniter.php(824): App\Controllers\Home->index()
#7 C:\xampp\htdocs\Sponser\system\CodeIgniter.php(410): CodeIgniter\CodeIgniter->runController(Object(App\Controllers\Home))
#8 C:\xampp\htdocs\Sponser\system\CodeIgniter.php(318): CodeIgniter\CodeIgniter->handleRequest(NULL, Object(Config\Cache), false)
#9 C:\xampp\htdocs\Sponser\index.php(37): CodeIgniter\CodeIgniter->run()
#10 {main}
CRITICAL - 2022-03-14 23:14:49 --> fopen(https://dev.gemsbihar.info/api/api/v1/getCountryPhone): Failed to open stream: HTTP request failed!
#0 [internal function]: CodeIgniter\Debug\Exceptions->errorHandler(2, 'fopen(https://d...', 'D:\\apps\\htdocs\\...', 138)
#1 D:\apps\htdocs\Sponser\app\Views\donation\donar_registration.php(138): fopen('https://dev.gem...', 'r')
#2 D:\apps\htdocs\Sponser\system\View\View.php(214): include('D:\\apps\\htdocs\\...')
#3 D:\apps\htdocs\Sponser\system\View\View.php(217): CodeIgniter\View\View->CodeIgniter\View\{closure}()
#4 D:\apps\htdocs\Sponser\system\Common.php(1097): CodeIgniter\View\View->render('donation/donar_...', Array, true)
#5 D:\apps\htdocs\Sponser\app\Controllers\Home.php(9): view('donation/donar_...')
#6 D:\apps\htdocs\Sponser\system\CodeIgniter.php(824): App\Controllers\Home->index()
#7 D:\apps\htdocs\Sponser\system\CodeIgniter.php(410): CodeIgniter\CodeIgniter->runController(Object(App\Controllers\Home))
#8 D:\apps\htdocs\Sponser\system\CodeIgniter.php(318): CodeIgniter\CodeIgniter->handleRequest(NULL, Object(Config\Cache), false)
#9 D:\apps\htdocs\Sponser\index.php(37): CodeIgniter\CodeIgniter->run()
#10 {main}
CRITICAL - 2022-03-14 23:14:55 --> fopen(): SSL: Handshake timed out
#0 [internal function]: CodeIgniter\Debug\Exceptions->errorHandler(2, 'fopen(): SSL: H...', 'D:\\apps\\htdocs\\...', 138)
#1 D:\apps\htdocs\Sponser\app\Views\donation\donar_registration.php(138): fopen('https://dev.gem...', 'r')
#2 D:\apps\htdocs\Sponser\system\View\View.php(214): include('D:\\apps\\htdocs\\...')
#3 D:\apps\htdocs\Sponser\system\View\View.php(217): CodeIgniter\View\View->CodeIgniter\View\{closure}()
#4 D:\apps\htdocs\Sponser\system\Common.php(1097): CodeIgniter\View\View->render('donation/donar_...', Array, true)
#5 D:\apps\htdocs\Sponser\app\Controllers\Home.php(9): view('donation/donar_...')
#6 D:\apps\htdocs\Sponser\system\CodeIgniter.php(824): App\Controllers\Home->index()
#7 D:\apps\htdocs\Sponser\system\CodeIgniter.php(410): CodeIgniter\CodeIgniter->runController(Object(App\Controllers\Home))
#8 D:\apps\htdocs\Sponser\system\CodeIgniter.php(318): CodeIgniter\CodeIgniter->handleRequest(NULL, Object(Config\Cache), false)
#9 D:\apps\htdocs\Sponser\index.php(37): CodeIgniter\CodeIgniter->run()
#10 {main}
