CRITICAL - 2022-03-12 02:09:03 --> Invalid file: donation/donation_registration.php
#0 C:\xampp\htdocs\Sponser\system\View\View.php(198): CodeIgniter\Exceptions\FrameworkException::forInvalidFile('donation/donati...')
#1 C:\xampp\htdocs\Sponser\system\Common.php(1097): CodeIgniter\View\View->render('donation/donati...', Array, true)
#2 C:\xampp\htdocs\Sponser\app\Controllers\NewSponser.php(9): view('donation/donati...')
#3 C:\xampp\htdocs\Sponser\system\CodeIgniter.php(824): App\Controllers\NewSponser->index()
#4 C:\xampp\htdocs\Sponser\system\CodeIgniter.php(410): CodeIgniter\CodeIgniter->runController(Object(App\Controllers\NewSponser))
#5 C:\xampp\htdocs\Sponser\system\CodeIgniter.php(318): CodeIgniter\CodeIgniter->handleRequest(NULL, Object(Config\Cache), false)
#6 C:\xampp\htdocs\Sponser\index.php(37): CodeIgniter\CodeIgniter->run()
#7 {main}
CRITICAL - 2022-03-12 02:09:54 --> Invalid file: donation/donation_registration.php
#0 C:\xampp\htdocs\Sponser\system\View\View.php(198): CodeIgniter\Exceptions\FrameworkException::forInvalidFile('donation/donati...')
#1 C:\xampp\htdocs\Sponser\system\Common.php(1097): CodeIgniter\View\View->render('donation/donati...', Array, true)
#2 C:\xampp\htdocs\Sponser\app\Controllers\NewSponser.php(9): view('donation/donati...')
#3 C:\xampp\htdocs\Sponser\system\CodeIgniter.php(824): App\Controllers\NewSponser->index()
#4 C:\xampp\htdocs\Sponser\system\CodeIgniter.php(410): CodeIgniter\CodeIgniter->runController(Object(App\Controllers\NewSponser))
#5 C:\xampp\htdocs\Sponser\system\CodeIgniter.php(318): CodeIgniter\CodeIgniter->handleRequest(NULL, Object(Config\Cache), false)
#6 C:\xampp\htdocs\Sponser\index.php(37): CodeIgniter\CodeIgniter->run()
#7 {main}
CRITICAL - 2022-03-12 02:17:51 --> Call to undefined function form_error()
#0 C:\xampp\htdocs\Sponser\system\View\View.php(214): include()
#1 C:\xampp\htdocs\Sponser\system\View\View.php(217): CodeIgniter\View\View->CodeIgniter\View\{closure}()
#2 C:\xampp\htdocs\Sponser\system\Common.php(1097): CodeIgniter\View\View->render('donation/regist...', Array, true)
#3 C:\xampp\htdocs\Sponser\app\Controllers\Home.php(9): view('donation/regist...')
#4 C:\xampp\htdocs\Sponser\system\CodeIgniter.php(824): App\Controllers\Home->index()
#5 C:\xampp\htdocs\Sponser\system\CodeIgniter.php(410): CodeIgniter\CodeIgniter->runController(Object(App\Controllers\Home))
#6 C:\xampp\htdocs\Sponser\system\CodeIgniter.php(318): CodeIgniter\CodeIgniter->handleRequest(NULL, Object(Config\Cache), false)
#7 C:\xampp\htdocs\Sponser\index.php(37): CodeIgniter\CodeIgniter->run()
#8 {main}
CRITICAL - 2022-03-12 02:51:52 --> fopen(): php_network_getaddresses: getaddrinfo failed: No such host is known. 
#0 [internal function]: CodeIgniter\Debug\Exceptions->errorHandler(2, 'fopen(): php_ne...', 'C:\\xampp\\htdocs...', 318)
#1 C:\xampp\htdocs\Sponser\app\Views\donation\registration.php(318): fopen('https://dev.gem...', 'r')
#2 C:\xampp\htdocs\Sponser\system\View\View.php(214): include('C:\\xampp\\htdocs...')
#3 C:\xampp\htdocs\Sponser\system\View\View.php(217): CodeIgniter\View\View->CodeIgniter\View\{closure}()
#4 C:\xampp\htdocs\Sponser\system\Common.php(1097): CodeIgniter\View\View->render('donation/regist...', Array, true)
#5 C:\xampp\htdocs\Sponser\app\Controllers\Home.php(9): view('donation/regist...')
#6 C:\xampp\htdocs\Sponser\system\CodeIgniter.php(824): App\Controllers\Home->index()
#7 C:\xampp\htdocs\Sponser\system\CodeIgniter.php(410): CodeIgniter\CodeIgniter->runController(Object(App\Controllers\Home))
#8 C:\xampp\htdocs\Sponser\system\CodeIgniter.php(318): CodeIgniter\CodeIgniter->handleRequest(NULL, Object(Config\Cache), false)
#9 C:\xampp\htdocs\Sponser\index.php(37): CodeIgniter\CodeIgniter->run()
#10 {main}
CRITICAL - 2022-03-12 02:52:07 --> fopen(): php_network_getaddresses: getaddrinfo failed: No such host is known. 
#0 [internal function]: CodeIgniter\Debug\Exceptions->errorHandler(2, 'fopen(): php_ne...', 'C:\\xampp\\htdocs...', 318)
#1 C:\xampp\htdocs\Sponser\app\Views\donation\registration.php(318): fopen('https://dev.gem...', 'r')
#2 C:\xampp\htdocs\Sponser\system\View\View.php(214): include('C:\\xampp\\htdocs...')
#3 C:\xampp\htdocs\Sponser\system\View\View.php(217): CodeIgniter\View\View->CodeIgniter\View\{closure}()
#4 C:\xampp\htdocs\Sponser\system\Common.php(1097): CodeIgniter\View\View->render('donation/regist...', Array, true)
#5 C:\xampp\htdocs\Sponser\app\Controllers\Home.php(9): view('donation/regist...')
#6 C:\xampp\htdocs\Sponser\system\CodeIgniter.php(824): App\Controllers\Home->index()
#7 C:\xampp\htdocs\Sponser\system\CodeIgniter.php(410): CodeIgniter\CodeIgniter->runController(Object(App\Controllers\Home))
#8 C:\xampp\htdocs\Sponser\system\CodeIgniter.php(318): CodeIgniter\CodeIgniter->handleRequest(NULL, Object(Config\Cache), false)
#9 C:\xampp\htdocs\Sponser\index.php(37): CodeIgniter\CodeIgniter->run()
#10 {main}
CRITICAL - 2022-03-12 02:52:32 --> fopen(): php_network_getaddresses: getaddrinfo failed: No such host is known. 
#0 [internal function]: CodeIgniter\Debug\Exceptions->errorHandler(2, 'fopen(): php_ne...', 'C:\\xampp\\htdocs...', 318)
#1 C:\xampp\htdocs\Sponser\app\Views\donation\registration.php(318): fopen('https://dev.gem...', 'r')
#2 C:\xampp\htdocs\Sponser\system\View\View.php(214): include('C:\\xampp\\htdocs...')
#3 C:\xampp\htdocs\Sponser\system\View\View.php(217): CodeIgniter\View\View->CodeIgniter\View\{closure}()
#4 C:\xampp\htdocs\Sponser\system\Common.php(1097): CodeIgniter\View\View->render('donation/regist...', Array, true)
#5 C:\xampp\htdocs\Sponser\app\Controllers\Home.php(9): view('donation/regist...')
#6 C:\xampp\htdocs\Sponser\system\CodeIgniter.php(824): App\Controllers\Home->index()
#7 C:\xampp\htdocs\Sponser\system\CodeIgniter.php(410): CodeIgniter\CodeIgniter->runController(Object(App\Controllers\Home))
#8 C:\xampp\htdocs\Sponser\system\CodeIgniter.php(318): CodeIgniter\CodeIgniter->handleRequest(NULL, Object(Config\Cache), false)
#9 C:\xampp\htdocs\Sponser\index.php(37): CodeIgniter\CodeIgniter->run()
#10 {main}
CRITICAL - 2022-03-12 02:55:41 --> fopen(): php_network_getaddresses: getaddrinfo failed: No such host is known. 
#0 [internal function]: CodeIgniter\Debug\Exceptions->errorHandler(2, 'fopen(): php_ne...', 'C:\\xampp\\htdocs...', 150)
#1 C:\xampp\htdocs\Sponser\app\Views\donation\profile.php(150): fopen('https://dev.gem...', 'r')
#2 C:\xampp\htdocs\Sponser\system\View\View.php(214): include('C:\\xampp\\htdocs...')
#3 C:\xampp\htdocs\Sponser\system\View\View.php(217): CodeIgniter\View\View->CodeIgniter\View\{closure}()
#4 C:\xampp\htdocs\Sponser\system\Common.php(1097): CodeIgniter\View\View->render('donation/profil...', Array, true)
#5 C:\xampp\htdocs\Sponser\app\Controllers\ProfileController.php(9): view('donation/profil...')
#6 C:\xampp\htdocs\Sponser\system\CodeIgniter.php(824): App\Controllers\ProfileController->index()
#7 C:\xampp\htdocs\Sponser\system\CodeIgniter.php(410): CodeIgniter\CodeIgniter->runController(Object(App\Controllers\ProfileController))
#8 C:\xampp\htdocs\Sponser\system\CodeIgniter.php(318): CodeIgniter\CodeIgniter->handleRequest(NULL, Object(Config\Cache), false)
#9 C:\xampp\htdocs\Sponser\index.php(37): CodeIgniter\CodeIgniter->run()
#10 {main}
CRITICAL - 2022-03-12 03:10:49 --> fopen(): php_network_getaddresses: getaddrinfo failed: No such host is known. 
#0 [internal function]: CodeIgniter\Debug\Exceptions->errorHandler(2, 'fopen(): php_ne...', 'C:\\xampp\\htdocs...', 154)
#1 C:\xampp\htdocs\Sponser\app\Views\donation\profile.php(154): fopen('https://dev.gem...', 'r')
#2 C:\xampp\htdocs\Sponser\system\View\View.php(214): include('C:\\xampp\\htdocs...')
#3 C:\xampp\htdocs\Sponser\system\View\View.php(217): CodeIgniter\View\View->CodeIgniter\View\{closure}()
#4 C:\xampp\htdocs\Sponser\system\Common.php(1097): CodeIgniter\View\View->render('donation/profil...', Array, true)
#5 C:\xampp\htdocs\Sponser\app\Controllers\ProfileController.php(9): view('donation/profil...')
#6 C:\xampp\htdocs\Sponser\system\CodeIgniter.php(824): App\Controllers\ProfileController->index()
#7 C:\xampp\htdocs\Sponser\system\CodeIgniter.php(410): CodeIgniter\CodeIgniter->runController(Object(App\Controllers\ProfileController))
#8 C:\xampp\htdocs\Sponser\system\CodeIgniter.php(318): CodeIgniter\CodeIgniter->handleRequest(NULL, Object(Config\Cache), false)
#9 C:\xampp\htdocs\Sponser\index.php(37): CodeIgniter\CodeIgniter->run()
#10 {main}
