CRITICAL - 2022-03-15 04:53:08 --> The framework needs the following extension(s) installed and loaded: intl.
#0 D:\apps\htdocs\Sponser\system\CodeIgniter.php(219): CodeIgniter\Exceptions\FrameworkException::forMissingExtension('intl')
#1 D:\apps\htdocs\Sponser\system\CodeIgniter.php(177): CodeIgniter\CodeIgniter->resolvePlatformExtensions()
#2 D:\apps\htdocs\Sponser\system\bootstrap.php(146): CodeIgniter\CodeIgniter->initialize()
#3 D:\apps\htdocs\Sponser\index.php(28): require('D:\\apps\\htdocs\\...')
#4 {main}
CRITICAL - 2022-03-15 04:53:42 --> The framework needs the following extension(s) installed and loaded: intl.
#0 D:\apps\htdocs\Sponser\system\CodeIgniter.php(219): CodeIgniter\Exceptions\FrameworkException::forMissingExtension('intl')
#1 D:\apps\htdocs\Sponser\system\CodeIgniter.php(177): CodeIgniter\CodeIgniter->resolvePlatformExtensions()
#2 D:\apps\htdocs\Sponser\system\bootstrap.php(146): CodeIgniter\CodeIgniter->initialize()
#3 D:\apps\htdocs\Sponser\index.php(28): require('D:\\apps\\htdocs\\...')
#4 {main}
CRITICAL - 2022-03-15 00:13:47 --> fopen(https://dev.gemsbihar.info/api/api/v1/getCountryPhone): Failed to open stream: A connection attempt failed because the connected party did not properly respond after a period of time, or established connection failed because connected host has failed to respond
#0 [internal function]: CodeIgniter\Debug\Exceptions->errorHandler(2, 'fopen(https://d...', 'D:\\apps\\htdocs\\...', 139)
#1 D:\apps\htdocs\Sponser\app\Views\donation\donar_registration.php(139): fopen('https://dev.gem...', 'r')
#2 D:\apps\htdocs\Sponser\system\View\View.php(214): include('D:\\apps\\htdocs\\...')
#3 D:\apps\htdocs\Sponser\system\View\View.php(217): CodeIgniter\View\View->CodeIgniter\View\{closure}()
#4 D:\apps\htdocs\Sponser\system\Common.php(1097): CodeIgniter\View\View->render('donation/donar_...', Array, true)
#5 D:\apps\htdocs\Sponser\app\Controllers\Home.php(9): view('donation/donar_...')
#6 D:\apps\htdocs\Sponser\system\CodeIgniter.php(824): App\Controllers\Home->index()
#7 D:\apps\htdocs\Sponser\system\CodeIgniter.php(410): CodeIgniter\CodeIgniter->runController(Object(App\Controllers\Home))
#8 D:\apps\htdocs\Sponser\system\CodeIgniter.php(318): CodeIgniter\CodeIgniter->handleRequest(NULL, Object(Config\Cache), false)
#9 D:\apps\htdocs\Sponser\index.php(37): CodeIgniter\CodeIgniter->run()
#10 {main}
CRITICAL - 2022-03-15 00:37:01 --> fopen(https://dev.gemsbihar.info/api/api/v1/getCountryPhone): Failed to open stream: A connection attempt failed because the connected party did not properly respond after a period of time, or established connection failed because connected host has failed to respond
#0 [internal function]: CodeIgniter\Debug\Exceptions->errorHandler(2, 'fopen(https://d...', 'D:\\apps\\htdocs\\...', 139)
#1 D:\apps\htdocs\Sponser\app\Views\donation\donar_registration.php(139): fopen('https://dev.gem...', 'r')
#2 D:\apps\htdocs\Sponser\system\View\View.php(214): include('D:\\apps\\htdocs\\...')
#3 D:\apps\htdocs\Sponser\system\View\View.php(217): CodeIgniter\View\View->CodeIgniter\View\{closure}()
#4 D:\apps\htdocs\Sponser\system\Common.php(1097): CodeIgniter\View\View->render('donation/donar_...', Array, true)
#5 D:\apps\htdocs\Sponser\app\Controllers\Home.php(9): view('donation/donar_...')
#6 D:\apps\htdocs\Sponser\system\CodeIgniter.php(824): App\Controllers\Home->index()
#7 D:\apps\htdocs\Sponser\system\CodeIgniter.php(410): CodeIgniter\CodeIgniter->runController(Object(App\Controllers\Home))
#8 D:\apps\htdocs\Sponser\system\CodeIgniter.php(318): CodeIgniter\CodeIgniter->handleRequest(NULL, Object(Config\Cache), false)
#9 D:\apps\htdocs\Sponser\index.php(37): CodeIgniter\CodeIgniter->run()
#10 {main}
CRITICAL - 2022-03-15 00:37:28 --> fopen(https://dev.gemsbihar.info/api/api/v1/getCountryPhone): Failed to open stream: A connection attempt failed because the connected party did not properly respond after a period of time, or established connection failed because connected host has failed to respond
#0 [internal function]: CodeIgniter\Debug\Exceptions->errorHandler(2, 'fopen(https://d...', 'D:\\apps\\htdocs\\...', 139)
#1 D:\apps\htdocs\Sponser\app\Views\donation\donar_registration.php(139): fopen('https://dev.gem...', 'r')
#2 D:\apps\htdocs\Sponser\system\View\View.php(214): include('D:\\apps\\htdocs\\...')
#3 D:\apps\htdocs\Sponser\system\View\View.php(217): CodeIgniter\View\View->CodeIgniter\View\{closure}()
#4 D:\apps\htdocs\Sponser\system\Common.php(1097): CodeIgniter\View\View->render('donation/donar_...', Array, true)
#5 D:\apps\htdocs\Sponser\app\Controllers\Home.php(9): view('donation/donar_...')
#6 D:\apps\htdocs\Sponser\system\CodeIgniter.php(824): App\Controllers\Home->index()
#7 D:\apps\htdocs\Sponser\system\CodeIgniter.php(410): CodeIgniter\CodeIgniter->runController(Object(App\Controllers\Home))
#8 D:\apps\htdocs\Sponser\system\CodeIgniter.php(318): CodeIgniter\CodeIgniter->handleRequest(NULL, Object(Config\Cache), false)
#9 D:\apps\htdocs\Sponser\index.php(37): CodeIgniter\CodeIgniter->run()
#10 {main}
CRITICAL - 2022-03-15 00:37:57 --> fopen(https://dev.gemsbihar.info/api/api/v1/getCountryPhone): Failed to open stream: A connection attempt failed because the connected party did not properly respond after a period of time, or established connection failed because connected host has failed to respond
#0 [internal function]: CodeIgniter\Debug\Exceptions->errorHandler(2, 'fopen(https://d...', 'D:\\apps\\htdocs\\...', 139)
#1 D:\apps\htdocs\Sponser\app\Views\donation\donar_registration.php(139): fopen('https://dev.gem...', 'r')
#2 D:\apps\htdocs\Sponser\system\View\View.php(214): include('D:\\apps\\htdocs\\...')
#3 D:\apps\htdocs\Sponser\system\View\View.php(217): CodeIgniter\View\View->CodeIgniter\View\{closure}()
#4 D:\apps\htdocs\Sponser\system\Common.php(1097): CodeIgniter\View\View->render('donation/donar_...', Array, true)
#5 D:\apps\htdocs\Sponser\app\Controllers\Home.php(9): view('donation/donar_...')
#6 D:\apps\htdocs\Sponser\system\CodeIgniter.php(824): App\Controllers\Home->index()
#7 D:\apps\htdocs\Sponser\system\CodeIgniter.php(410): CodeIgniter\CodeIgniter->runController(Object(App\Controllers\Home))
#8 D:\apps\htdocs\Sponser\system\CodeIgniter.php(318): CodeIgniter\CodeIgniter->handleRequest(NULL, Object(Config\Cache), false)
#9 D:\apps\htdocs\Sponser\index.php(37): CodeIgniter\CodeIgniter->run()
#10 {main}
CRITICAL - 2022-03-15 00:38:21 --> fopen(https://dev.gemsbihar.info/api/api/v1/getCountryPhone): Failed to open stream: A connection attempt failed because the connected party did not properly respond after a period of time, or established connection failed because connected host has failed to respond
#0 [internal function]: CodeIgniter\Debug\Exceptions->errorHandler(2, 'fopen(https://d...', 'D:\\apps\\htdocs\\...', 139)
#1 D:\apps\htdocs\Sponser\app\Views\donation\donar_registration.php(139): fopen('https://dev.gem...', 'r')
#2 D:\apps\htdocs\Sponser\system\View\View.php(214): include('D:\\apps\\htdocs\\...')
#3 D:\apps\htdocs\Sponser\system\View\View.php(217): CodeIgniter\View\View->CodeIgniter\View\{closure}()
#4 D:\apps\htdocs\Sponser\system\Common.php(1097): CodeIgniter\View\View->render('donation/donar_...', Array, true)
#5 D:\apps\htdocs\Sponser\app\Controllers\Home.php(9): view('donation/donar_...')
#6 D:\apps\htdocs\Sponser\system\CodeIgniter.php(824): App\Controllers\Home->index()
#7 D:\apps\htdocs\Sponser\system\CodeIgniter.php(410): CodeIgniter\CodeIgniter->runController(Object(App\Controllers\Home))
#8 D:\apps\htdocs\Sponser\system\CodeIgniter.php(318): CodeIgniter\CodeIgniter->handleRequest(NULL, Object(Config\Cache), false)
#9 D:\apps\htdocs\Sponser\index.php(37): CodeIgniter\CodeIgniter->run()
#10 {main}
CRITICAL - 2022-03-15 00:39:05 --> fopen(https://dev.gemsbihar.info/api/api/v1/getCountryPhone): Failed to open stream: A connection attempt failed because the connected party did not properly respond after a period of time, or established connection failed because connected host has failed to respond
#0 [internal function]: CodeIgniter\Debug\Exceptions->errorHandler(2, 'fopen(https://d...', 'D:\\apps\\htdocs\\...', 139)
#1 D:\apps\htdocs\Sponser\app\Views\donation\donar_registration.php(139): fopen('https://dev.gem...', 'r')
#2 D:\apps\htdocs\Sponser\system\View\View.php(214): include('D:\\apps\\htdocs\\...')
#3 D:\apps\htdocs\Sponser\system\View\View.php(217): CodeIgniter\View\View->CodeIgniter\View\{closure}()
#4 D:\apps\htdocs\Sponser\system\Common.php(1097): CodeIgniter\View\View->render('donation/donar_...', Array, true)
#5 D:\apps\htdocs\Sponser\app\Controllers\Home.php(9): view('donation/donar_...')
#6 D:\apps\htdocs\Sponser\system\CodeIgniter.php(824): App\Controllers\Home->index()
#7 D:\apps\htdocs\Sponser\system\CodeIgniter.php(410): CodeIgniter\CodeIgniter->runController(Object(App\Controllers\Home))
#8 D:\apps\htdocs\Sponser\system\CodeIgniter.php(318): CodeIgniter\CodeIgniter->handleRequest(NULL, Object(Config\Cache), false)
#9 D:\apps\htdocs\Sponser\index.php(37): CodeIgniter\CodeIgniter->run()
#10 {main}
CRITICAL - 2022-03-15 00:39:37 --> fopen(https://dev.gemsbihar.info/api/api/v1/getCountryPhone): Failed to open stream: A connection attempt failed because the connected party did not properly respond after a period of time, or established connection failed because connected host has failed to respond
#0 [internal function]: CodeIgniter\Debug\Exceptions->errorHandler(2, 'fopen(https://d...', 'D:\\apps\\htdocs\\...', 139)
#1 D:\apps\htdocs\Sponser\app\Views\donation\donar_registration.php(139): fopen('https://dev.gem...', 'r')
#2 D:\apps\htdocs\Sponser\system\View\View.php(214): include('D:\\apps\\htdocs\\...')
#3 D:\apps\htdocs\Sponser\system\View\View.php(217): CodeIgniter\View\View->CodeIgniter\View\{closure}()
#4 D:\apps\htdocs\Sponser\system\Common.php(1097): CodeIgniter\View\View->render('donation/donar_...', Array, true)
#5 D:\apps\htdocs\Sponser\app\Controllers\Home.php(9): view('donation/donar_...')
#6 D:\apps\htdocs\Sponser\system\CodeIgniter.php(824): App\Controllers\Home->index()
#7 D:\apps\htdocs\Sponser\system\CodeIgniter.php(410): CodeIgniter\CodeIgniter->runController(Object(App\Controllers\Home))
#8 D:\apps\htdocs\Sponser\system\CodeIgniter.php(318): CodeIgniter\CodeIgniter->handleRequest(NULL, Object(Config\Cache), false)
#9 D:\apps\htdocs\Sponser\index.php(37): CodeIgniter\CodeIgniter->run()
#10 {main}
CRITICAL - 2022-03-15 00:47:42 --> fopen(https://dev.gemsbihar.info/api/api/v1//get/country): Failed to open stream: A connection attempt failed because the connected party did not properly respond after a period of time, or established connection failed because connected host has failed to respond
#0 [internal function]: CodeIgniter\Debug\Exceptions->errorHandler(2, 'fopen(https://d...', 'D:\\apps\\htdocs\\...', 170)
#1 D:\apps\htdocs\Sponser\app\Views\donation\donar_registration.php(170): fopen('https://dev.gem...', 'r')
#2 D:\apps\htdocs\Sponser\system\View\View.php(214): include('D:\\apps\\htdocs\\...')
#3 D:\apps\htdocs\Sponser\system\View\View.php(217): CodeIgniter\View\View->CodeIgniter\View\{closure}()
#4 D:\apps\htdocs\Sponser\system\Common.php(1097): CodeIgniter\View\View->render('donation/donar_...', Array, true)
#5 D:\apps\htdocs\Sponser\app\Controllers\Home.php(9): view('donation/donar_...')
#6 D:\apps\htdocs\Sponser\system\CodeIgniter.php(824): App\Controllers\Home->index()
#7 D:\apps\htdocs\Sponser\system\CodeIgniter.php(410): CodeIgniter\CodeIgniter->runController(Object(App\Controllers\Home))
#8 D:\apps\htdocs\Sponser\system\CodeIgniter.php(318): CodeIgniter\CodeIgniter->handleRequest(NULL, Object(Config\Cache), false)
#9 D:\apps\htdocs\Sponser\index.php(37): CodeIgniter\CodeIgniter->run()
#10 {main}
CRITICAL - 2022-03-15 00:49:35 --> fopen(https://dev.gemsbihar.info/api/api/v1/getCountryPhone): Failed to open stream: A connection attempt failed because the connected party did not properly respond after a period of time, or established connection failed because connected host has failed to respond
#0 [internal function]: CodeIgniter\Debug\Exceptions->errorHandler(2, 'fopen(https://d...', 'D:\\apps\\htdocs\\...', 139)
#1 D:\apps\htdocs\Sponser\app\Views\donation\donar_registration.php(139): fopen('https://dev.gem...', 'r')
#2 D:\apps\htdocs\Sponser\system\View\View.php(214): include('D:\\apps\\htdocs\\...')
#3 D:\apps\htdocs\Sponser\system\View\View.php(217): CodeIgniter\View\View->CodeIgniter\View\{closure}()
#4 D:\apps\htdocs\Sponser\system\Common.php(1097): CodeIgniter\View\View->render('donation/donar_...', Array, true)
#5 D:\apps\htdocs\Sponser\app\Controllers\Home.php(9): view('donation/donar_...')
#6 D:\apps\htdocs\Sponser\system\CodeIgniter.php(824): App\Controllers\Home->index()
#7 D:\apps\htdocs\Sponser\system\CodeIgniter.php(410): CodeIgniter\CodeIgniter->runController(Object(App\Controllers\Home))
#8 D:\apps\htdocs\Sponser\system\CodeIgniter.php(318): CodeIgniter\CodeIgniter->handleRequest(NULL, Object(Config\Cache), false)
#9 D:\apps\htdocs\Sponser\index.php(37): CodeIgniter\CodeIgniter->run()
#10 {main}
CRITICAL - 2022-03-15 00:50:01 --> fopen(https://dev.gemsbihar.info/api/api/v1/getCountryPhone): Failed to open stream: A connection attempt failed because the connected party did not properly respond after a period of time, or established connection failed because connected host has failed to respond
#0 [internal function]: CodeIgniter\Debug\Exceptions->errorHandler(2, 'fopen(https://d...', 'D:\\apps\\htdocs\\...', 139)
#1 D:\apps\htdocs\Sponser\app\Views\donation\donar_registration.php(139): fopen('https://dev.gem...', 'r')
#2 D:\apps\htdocs\Sponser\system\View\View.php(214): include('D:\\apps\\htdocs\\...')
#3 D:\apps\htdocs\Sponser\system\View\View.php(217): CodeIgniter\View\View->CodeIgniter\View\{closure}()
#4 D:\apps\htdocs\Sponser\system\Common.php(1097): CodeIgniter\View\View->render('donation/donar_...', Array, true)
#5 D:\apps\htdocs\Sponser\app\Controllers\Home.php(9): view('donation/donar_...')
#6 D:\apps\htdocs\Sponser\system\CodeIgniter.php(824): App\Controllers\Home->index()
#7 D:\apps\htdocs\Sponser\system\CodeIgniter.php(410): CodeIgniter\CodeIgniter->runController(Object(App\Controllers\Home))
#8 D:\apps\htdocs\Sponser\system\CodeIgniter.php(318): CodeIgniter\CodeIgniter->handleRequest(NULL, Object(Config\Cache), false)
#9 D:\apps\htdocs\Sponser\index.php(37): CodeIgniter\CodeIgniter->run()
#10 {main}
CRITICAL - 2022-03-15 00:50:45 --> fopen(https://dev.gemsbihar.info/api/api/v1/getCountryPhone): Failed to open stream: A connection attempt failed because the connected party did not properly respond after a period of time, or established connection failed because connected host has failed to respond
#0 [internal function]: CodeIgniter\Debug\Exceptions->errorHandler(2, 'fopen(https://d...', 'D:\\apps\\htdocs\\...', 139)
#1 D:\apps\htdocs\Sponser\app\Views\donation\donar_registration.php(139): fopen('https://dev.gem...', 'r')
#2 D:\apps\htdocs\Sponser\system\View\View.php(214): include('D:\\apps\\htdocs\\...')
#3 D:\apps\htdocs\Sponser\system\View\View.php(217): CodeIgniter\View\View->CodeIgniter\View\{closure}()
#4 D:\apps\htdocs\Sponser\system\Common.php(1097): CodeIgniter\View\View->render('donation/donar_...', Array, true)
#5 D:\apps\htdocs\Sponser\app\Controllers\Home.php(9): view('donation/donar_...')
#6 D:\apps\htdocs\Sponser\system\CodeIgniter.php(824): App\Controllers\Home->index()
#7 D:\apps\htdocs\Sponser\system\CodeIgniter.php(410): CodeIgniter\CodeIgniter->runController(Object(App\Controllers\Home))
#8 D:\apps\htdocs\Sponser\system\CodeIgniter.php(318): CodeIgniter\CodeIgniter->handleRequest(NULL, Object(Config\Cache), false)
#9 D:\apps\htdocs\Sponser\index.php(37): CodeIgniter\CodeIgniter->run()
#10 {main}
CRITICAL - 2022-03-15 00:51:14 --> fopen(https://dev.gemsbihar.info/api/api/v1/getCountryPhone): Failed to open stream: A connection attempt failed because the connected party did not properly respond after a period of time, or established connection failed because connected host has failed to respond
#0 [internal function]: CodeIgniter\Debug\Exceptions->errorHandler(2, 'fopen(https://d...', 'D:\\apps\\htdocs\\...', 139)
#1 D:\apps\htdocs\Sponser\app\Views\donation\donar_registration.php(139): fopen('https://dev.gem...', 'r')
#2 D:\apps\htdocs\Sponser\system\View\View.php(214): include('D:\\apps\\htdocs\\...')
#3 D:\apps\htdocs\Sponser\system\View\View.php(217): CodeIgniter\View\View->CodeIgniter\View\{closure}()
#4 D:\apps\htdocs\Sponser\system\Common.php(1097): CodeIgniter\View\View->render('donation/donar_...', Array, true)
#5 D:\apps\htdocs\Sponser\app\Controllers\Home.php(9): view('donation/donar_...')
#6 D:\apps\htdocs\Sponser\system\CodeIgniter.php(824): App\Controllers\Home->index()
#7 D:\apps\htdocs\Sponser\system\CodeIgniter.php(410): CodeIgniter\CodeIgniter->runController(Object(App\Controllers\Home))
#8 D:\apps\htdocs\Sponser\system\CodeIgniter.php(318): CodeIgniter\CodeIgniter->handleRequest(NULL, Object(Config\Cache), false)
#9 D:\apps\htdocs\Sponser\index.php(37): CodeIgniter\CodeIgniter->run()
#10 {main}
CRITICAL - 2022-03-15 00:52:42 --> fopen(https://dev.gemsbihar.info/api/api/v1/getCountryPhone): Failed to open stream: A connection attempt failed because the connected party did not properly respond after a period of time, or established connection failed because connected host has failed to respond
#0 [internal function]: CodeIgniter\Debug\Exceptions->errorHandler(2, 'fopen(https://d...', 'D:\\apps\\htdocs\\...', 139)
#1 D:\apps\htdocs\Sponser\app\Views\donation\donar_registration.php(139): fopen('https://dev.gem...', 'r')
#2 D:\apps\htdocs\Sponser\system\View\View.php(214): include('D:\\apps\\htdocs\\...')
#3 D:\apps\htdocs\Sponser\system\View\View.php(217): CodeIgniter\View\View->CodeIgniter\View\{closure}()
#4 D:\apps\htdocs\Sponser\system\Common.php(1097): CodeIgniter\View\View->render('donation/donar_...', Array, true)
#5 D:\apps\htdocs\Sponser\app\Controllers\Home.php(9): view('donation/donar_...')
#6 D:\apps\htdocs\Sponser\system\CodeIgniter.php(824): App\Controllers\Home->index()
#7 D:\apps\htdocs\Sponser\system\CodeIgniter.php(410): CodeIgniter\CodeIgniter->runController(Object(App\Controllers\Home))
#8 D:\apps\htdocs\Sponser\system\CodeIgniter.php(318): CodeIgniter\CodeIgniter->handleRequest(NULL, Object(Config\Cache), false)
#9 D:\apps\htdocs\Sponser\index.php(37): CodeIgniter\CodeIgniter->run()
#10 {main}
CRITICAL - 2022-03-15 00:54:15 --> fopen(https://dev.gemsbihar.info/api/api/v1/getCountryPhone): Failed to open stream: A connection attempt failed because the connected party did not properly respond after a period of time, or established connection failed because connected host has failed to respond
#0 [internal function]: CodeIgniter\Debug\Exceptions->errorHandler(2, 'fopen(https://d...', 'D:\\apps\\htdocs\\...', 139)
#1 D:\apps\htdocs\Sponser\app\Views\donation\donar_registration.php(139): fopen('https://dev.gem...', 'r')
#2 D:\apps\htdocs\Sponser\system\View\View.php(214): include('D:\\apps\\htdocs\\...')
#3 D:\apps\htdocs\Sponser\system\View\View.php(217): CodeIgniter\View\View->CodeIgniter\View\{closure}()
#4 D:\apps\htdocs\Sponser\system\Common.php(1097): CodeIgniter\View\View->render('donation/donar_...', Array, true)
#5 D:\apps\htdocs\Sponser\app\Controllers\Home.php(9): view('donation/donar_...')
#6 D:\apps\htdocs\Sponser\system\CodeIgniter.php(824): App\Controllers\Home->index()
#7 D:\apps\htdocs\Sponser\system\CodeIgniter.php(410): CodeIgniter\CodeIgniter->runController(Object(App\Controllers\Home))
#8 D:\apps\htdocs\Sponser\system\CodeIgniter.php(318): CodeIgniter\CodeIgniter->handleRequest(NULL, Object(Config\Cache), false)
#9 D:\apps\htdocs\Sponser\index.php(37): CodeIgniter\CodeIgniter->run()
#10 {main}
CRITICAL - 2022-03-15 00:55:23 --> fopen(https://dev.gemsbihar.info/api/api/v1/getCountryPhone): Failed to open stream: A connection attempt failed because the connected party did not properly respond after a period of time, or established connection failed because connected host has failed to respond
#0 [internal function]: CodeIgniter\Debug\Exceptions->errorHandler(2, 'fopen(https://d...', 'D:\\apps\\htdocs\\...', 139)
#1 D:\apps\htdocs\Sponser\app\Views\donation\donar_registration.php(139): fopen('https://dev.gem...', 'r')
#2 D:\apps\htdocs\Sponser\system\View\View.php(214): include('D:\\apps\\htdocs\\...')
#3 D:\apps\htdocs\Sponser\system\View\View.php(217): CodeIgniter\View\View->CodeIgniter\View\{closure}()
#4 D:\apps\htdocs\Sponser\system\Common.php(1097): CodeIgniter\View\View->render('donation/donar_...', Array, true)
#5 D:\apps\htdocs\Sponser\app\Controllers\Home.php(9): view('donation/donar_...')
#6 D:\apps\htdocs\Sponser\system\CodeIgniter.php(824): App\Controllers\Home->index()
#7 D:\apps\htdocs\Sponser\system\CodeIgniter.php(410): CodeIgniter\CodeIgniter->runController(Object(App\Controllers\Home))
#8 D:\apps\htdocs\Sponser\system\CodeIgniter.php(318): CodeIgniter\CodeIgniter->handleRequest(NULL, Object(Config\Cache), false)
#9 D:\apps\htdocs\Sponser\index.php(37): CodeIgniter\CodeIgniter->run()
#10 {main}
CRITICAL - 2022-03-15 01:47:11 --> fopen(https://dev.gemsbihar.info/api/api/v1/getCountryPhone): Failed to open stream: A connection attempt failed because the connected party did not properly respond after a period of time, or established connection failed because connected host has failed to respond
#0 [internal function]: CodeIgniter\Debug\Exceptions->errorHandler(2, 'fopen(https://d...', 'D:\\apps\\htdocs\\...', 139)
#1 D:\apps\htdocs\Sponser\app\Views\donation\donar_registration.php(139): fopen('https://dev.gem...', 'r')
#2 D:\apps\htdocs\Sponser\system\View\View.php(214): include('D:\\apps\\htdocs\\...')
#3 D:\apps\htdocs\Sponser\system\View\View.php(217): CodeIgniter\View\View->CodeIgniter\View\{closure}()
#4 D:\apps\htdocs\Sponser\system\Common.php(1097): CodeIgniter\View\View->render('donation/donar_...', Array, true)
#5 D:\apps\htdocs\Sponser\app\Controllers\Home.php(9): view('donation/donar_...')
#6 D:\apps\htdocs\Sponser\system\CodeIgniter.php(824): App\Controllers\Home->index()
#7 D:\apps\htdocs\Sponser\system\CodeIgniter.php(410): CodeIgniter\CodeIgniter->runController(Object(App\Controllers\Home))
#8 D:\apps\htdocs\Sponser\system\CodeIgniter.php(318): CodeIgniter\CodeIgniter->handleRequest(NULL, Object(Config\Cache), false)
#9 D:\apps\htdocs\Sponser\index.php(37): CodeIgniter\CodeIgniter->run()
#10 {main}
CRITICAL - 2022-03-15 01:47:37 --> fopen(https://dev.gemsbihar.info/api/api/v1/getCountryPhone): Failed to open stream: A connection attempt failed because the connected party did not properly respond after a period of time, or established connection failed because connected host has failed to respond
#0 [internal function]: CodeIgniter\Debug\Exceptions->errorHandler(2, 'fopen(https://d...', 'D:\\apps\\htdocs\\...', 139)
#1 D:\apps\htdocs\Sponser\app\Views\donation\donar_registration.php(139): fopen('https://dev.gem...', 'r')
#2 D:\apps\htdocs\Sponser\system\View\View.php(214): include('D:\\apps\\htdocs\\...')
#3 D:\apps\htdocs\Sponser\system\View\View.php(217): CodeIgniter\View\View->CodeIgniter\View\{closure}()
#4 D:\apps\htdocs\Sponser\system\Common.php(1097): CodeIgniter\View\View->render('donation/donar_...', Array, true)
#5 D:\apps\htdocs\Sponser\app\Controllers\Home.php(9): view('donation/donar_...')
#6 D:\apps\htdocs\Sponser\system\CodeIgniter.php(824): App\Controllers\Home->index()
#7 D:\apps\htdocs\Sponser\system\CodeIgniter.php(410): CodeIgniter\CodeIgniter->runController(Object(App\Controllers\Home))
#8 D:\apps\htdocs\Sponser\system\CodeIgniter.php(318): CodeIgniter\CodeIgniter->handleRequest(NULL, Object(Config\Cache), false)
#9 D:\apps\htdocs\Sponser\index.php(37): CodeIgniter\CodeIgniter->run()
#10 {main}
CRITICAL - 2022-03-15 01:48:47 --> fopen(https://dev.gemsbihar.info/api/api/v1/getCountryPhone): Failed to open stream: A connection attempt failed because the connected party did not properly respond after a period of time, or established connection failed because connected host has failed to respond
#0 [internal function]: CodeIgniter\Debug\Exceptions->errorHandler(2, 'fopen(https://d...', 'D:\\apps\\htdocs\\...', 139)
#1 D:\apps\htdocs\Sponser\app\Views\donation\donar_registration.php(139): fopen('https://dev.gem...', 'r')
#2 D:\apps\htdocs\Sponser\system\View\View.php(214): include('D:\\apps\\htdocs\\...')
#3 D:\apps\htdocs\Sponser\system\View\View.php(217): CodeIgniter\View\View->CodeIgniter\View\{closure}()
#4 D:\apps\htdocs\Sponser\system\Common.php(1097): CodeIgniter\View\View->render('donation/donar_...', Array, true)
#5 D:\apps\htdocs\Sponser\app\Controllers\Home.php(9): view('donation/donar_...')
#6 D:\apps\htdocs\Sponser\system\CodeIgniter.php(824): App\Controllers\Home->index()
#7 D:\apps\htdocs\Sponser\system\CodeIgniter.php(410): CodeIgniter\CodeIgniter->runController(Object(App\Controllers\Home))
#8 D:\apps\htdocs\Sponser\system\CodeIgniter.php(318): CodeIgniter\CodeIgniter->handleRequest(NULL, Object(Config\Cache), false)
#9 D:\apps\htdocs\Sponser\index.php(37): CodeIgniter\CodeIgniter->run()
#10 {main}
CRITICAL - 2022-03-15 01:49:14 --> fopen(https://dev.gemsbihar.info/api/api/v1/getCountryPhone): Failed to open stream: A connection attempt failed because the connected party did not properly respond after a period of time, or established connection failed because connected host has failed to respond
#0 [internal function]: CodeIgniter\Debug\Exceptions->errorHandler(2, 'fopen(https://d...', 'D:\\apps\\htdocs\\...', 139)
#1 D:\apps\htdocs\Sponser\app\Views\donation\donar_registration.php(139): fopen('https://dev.gem...', 'r')
#2 D:\apps\htdocs\Sponser\system\View\View.php(214): include('D:\\apps\\htdocs\\...')
#3 D:\apps\htdocs\Sponser\system\View\View.php(217): CodeIgniter\View\View->CodeIgniter\View\{closure}()
#4 D:\apps\htdocs\Sponser\system\Common.php(1097): CodeIgniter\View\View->render('donation/donar_...', Array, true)
#5 D:\apps\htdocs\Sponser\app\Controllers\Home.php(9): view('donation/donar_...')
#6 D:\apps\htdocs\Sponser\system\CodeIgniter.php(824): App\Controllers\Home->index()
#7 D:\apps\htdocs\Sponser\system\CodeIgniter.php(410): CodeIgniter\CodeIgniter->runController(Object(App\Controllers\Home))
#8 D:\apps\htdocs\Sponser\system\CodeIgniter.php(318): CodeIgniter\CodeIgniter->handleRequest(NULL, Object(Config\Cache), false)
#9 D:\apps\htdocs\Sponser\index.php(37): CodeIgniter\CodeIgniter->run()
#10 {main}
CRITICAL - 2022-03-15 01:50:32 --> fopen(https://dev.gemsbihar.info/api/api/v1/getCountryPhone): Failed to open stream: A connection attempt failed because the connected party did not properly respond after a period of time, or established connection failed because connected host has failed to respond
#0 [internal function]: CodeIgniter\Debug\Exceptions->errorHandler(2, 'fopen(https://d...', 'D:\\apps\\htdocs\\...', 139)
#1 D:\apps\htdocs\Sponser\app\Views\donation\donar_registration.php(139): fopen('https://dev.gem...', 'r')
#2 D:\apps\htdocs\Sponser\system\View\View.php(214): include('D:\\apps\\htdocs\\...')
#3 D:\apps\htdocs\Sponser\system\View\View.php(217): CodeIgniter\View\View->CodeIgniter\View\{closure}()
#4 D:\apps\htdocs\Sponser\system\Common.php(1097): CodeIgniter\View\View->render('donation/donar_...', Array, true)
#5 D:\apps\htdocs\Sponser\app\Controllers\Home.php(9): view('donation/donar_...')
#6 D:\apps\htdocs\Sponser\system\CodeIgniter.php(824): App\Controllers\Home->index()
#7 D:\apps\htdocs\Sponser\system\CodeIgniter.php(410): CodeIgniter\CodeIgniter->runController(Object(App\Controllers\Home))
#8 D:\apps\htdocs\Sponser\system\CodeIgniter.php(318): CodeIgniter\CodeIgniter->handleRequest(NULL, Object(Config\Cache), false)
#9 D:\apps\htdocs\Sponser\index.php(37): CodeIgniter\CodeIgniter->run()
#10 {main}
CRITICAL - 2022-03-15 01:51:52 --> fopen(https://dev.gemsbihar.info/api/api/v1/getCountryPhone): Failed to open stream: A connection attempt failed because the connected party did not properly respond after a period of time, or established connection failed because connected host has failed to respond
#0 [internal function]: CodeIgniter\Debug\Exceptions->errorHandler(2, 'fopen(https://d...', 'D:\\apps\\htdocs\\...', 139)
#1 D:\apps\htdocs\Sponser\app\Views\donation\donar_registration.php(139): fopen('https://dev.gem...', 'r')
#2 D:\apps\htdocs\Sponser\system\View\View.php(214): include('D:\\apps\\htdocs\\...')
#3 D:\apps\htdocs\Sponser\system\View\View.php(217): CodeIgniter\View\View->CodeIgniter\View\{closure}()
#4 D:\apps\htdocs\Sponser\system\Common.php(1097): CodeIgniter\View\View->render('donation/donar_...', Array, true)
#5 D:\apps\htdocs\Sponser\app\Controllers\Home.php(9): view('donation/donar_...')
#6 D:\apps\htdocs\Sponser\system\CodeIgniter.php(824): App\Controllers\Home->index()
#7 D:\apps\htdocs\Sponser\system\CodeIgniter.php(410): CodeIgniter\CodeIgniter->runController(Object(App\Controllers\Home))
#8 D:\apps\htdocs\Sponser\system\CodeIgniter.php(318): CodeIgniter\CodeIgniter->handleRequest(NULL, Object(Config\Cache), false)
#9 D:\apps\htdocs\Sponser\index.php(37): CodeIgniter\CodeIgniter->run()
#10 {main}
